#
# There is insufficient memory for the Java Runtime Environment to continue.
# Native memory allocation (mmap) failed to map 134217728 bytes for G1 virtual space
# Possible reasons:
#   The system is out of physical RAM or swap space
#   The process is running with CompressedOops enabled, and the Java Heap may be blocking the growth of the native heap
# Possible solutions:
#   Reduce memory load on the system
#   Increase physical memory or swap space
#   Check if swap backing store is full
#   Decrease Java heap size (-Xmx/-Xms)
#   Decrease number of Java threads
#   Decrease Java thread stack sizes (-Xss)
#   Set larger code cache with -XX:ReservedCodeCacheSize=
#   JVM is running with Unscaled Compressed Oops mode in which the Java heap is
#     placed in the first 4GB address space. The Java Heap base address is the
#     maximum limit for the native heap growth. Please use -XX:HeapBaseMinAddress
#     to set the Java Heap base and to place the Java Heap above 4GB virtual address.
# This output file may be truncated or incomplete.
#
#  Out of Memory Error (os_windows.cpp:3559), pid=4676, tid=11956
#
# JRE version:  (17.0.7+7) (build )
# Java VM: OpenJDK 64-Bit Server VM (17.0.7+7, mixed mode, emulated-client, sharing, tiered, compressed oops, compressed class ptrs, g1 gc, windows-amd64)
# No core dump will be written. Minidumps are not enabled by default on client versions of Windows
#

---------------  S U M M A R Y ------------

Command Line: -Dcom.sun.management.jmxremote -Dcom.sun.management.jmxremote.port=56982 -Dcom.sun.management.jmxremote.authenticate=false -Dcom.sun.management.jmxremote.ssl=false -Djava.rmi.server.hostname=localhost -Dspring.jmx.enabled=true -Dmanagement.endpoints.jmx.exposure.include=* -Dspring.application.admin.enabled=true -XX:TieredStopAtLevel=1 -Dspring.boot.project.name=Backend -Dfile.encoding=UTF-8 -XX:+ShowCodeDetailsInExceptionMessages com.demo.DoubtShareApplication --spring.output.ansi.enabled=always

Host: Intel(R) Core(TM) i5-8250U CPU @ 1.60GHz, 8 cores, 7G,  Windows 11 , 64 bit Build 22000 (10.0.22000.318)
Time: Tue Nov 28 09:47:52 2023 India Standard Time elapsed time: 0.093603 seconds (0d 0h 0m 0s)

---------------  T H R E A D  ---------------

Current thread (0x0000019a59296eb0):  JavaThread "Unknown thread" [_thread_in_vm, id=11956, stack(0x0000004d0b700000,0x0000004d0b800000)]

Stack: [0x0000004d0b700000,0x0000004d0b800000]
Native frames: (J=compiled Java code, j=interpreted, Vv=VM code, C=native code)
V  [jvm.dll+0x67754a]
V  [jvm.dll+0x834304]
V  [jvm.dll+0x835aae]
V  [jvm.dll+0x836113]
V  [jvm.dll+0x24696f]
V  [jvm.dll+0x6743f9]
V  [jvm.dll+0x668c8a]
V  [jvm.dll+0x3061bb]
V  [jvm.dll+0x30d6a6]
V  [jvm.dll+0x35cece]
V  [jvm.dll+0x35d0ff]
V  [jvm.dll+0x2dd048]
V  [jvm.dll+0x2ddfb4]
V  [jvm.dll+0x8066d1]
V  [jvm.dll+0x36ac91]
V  [jvm.dll+0x7e5cec]
V  [jvm.dll+0x3ed56f]
V  [jvm.dll+0x3ef0a1]
C  [jli.dll+0x528b]
C  [ucrtbase.dll+0x26c0c]
C  [KERNEL32.DLL+0x154e0]
C  [ntdll.dll+0x485b]


---------------  P R O C E S S  ---------------

Threads class SMR info:
_java_thread_list=0x00007ffd91ef7018, length=0, elements={
}

Java Threads: ( => current thread )

Other Threads:
  0x0000019a592f33e0 GCTaskThread "GC Thread#0" [stack: 0x0000004d0b800000,0x0000004d0b900000] [id=8632]
  0x0000019a59304060 ConcurrentGCThread "G1 Main Marker" [stack: 0x0000004d0b900000,0x0000004d0ba00000] [id=8004]
  0x0000019a59304a70 ConcurrentGCThread "G1 Conc#0" [stack: 0x0000004d0ba00000,0x0000004d0bb00000] [id=5920]

[error occurred during error reporting (printing all threads), id 0xc0000005, EXCEPTION_ACCESS_VIOLATION (0xc0000005) at pc=0x00007ffd916cdaf7]

VM state: not at safepoint (not fully initialized)

VM Mutex/Monitor currently owned by a thread:  ([mutex/lock_event])
[0x0000019a592906c0] Heap_lock - owner thread: 0x0000019a59296eb0

Heap address: 0x0000000081600000, size: 2026 MB, Compressed Oops mode: 32-bit

CDS archive(s) mapped at: [0x0000000000000000-0x0000000000000000-0x0000000000000000), size 0, SharedBaseAddress: 0x0000000800000000, ArchiveRelocationMode: 0.
Narrow klass base: 0x0000000000000000, Narrow klass shift: 0, Narrow klass range: 0x0

GC Precious Log:
<Empty>

Heap:
 garbage-first heap   total 0K, used 0K [0x0000000081600000, 0x0000000100000000)
  region size 1024K, 0 young (0K), 0 survivors (0K)

[error occurred during error reporting (printing heap information), id 0xc0000005, EXCEPTION_ACCESS_VIOLATION (0xc0000005) at pc=0x00007ffd91ab0db9]

GC Heap History (0 events):
No events

Dll operation events (1 events):
Event: 0.053 Loaded shared library C:\Users\Admin\Downloads\spring-tool-suite-4-4.19.0.RELEASE-e4.28.0-win32.win32.x86_64.self-extracting\contents\sts-4.19.0.RELEASE\plugins\org.eclipse.justj.openjdk.hotspot.jre.full.win32.x86_64_17.0.7.v20230425-1502\jre\bin\java.dll

Deoptimization events (0 events):
No events

Classes unloaded (0 events):
No events

Classes redefined (0 events):
No events

Internal exceptions (0 events):
No events

VM Operations (0 events):
No events

Events (0 events):
No events


Dynamic libraries:
0x00007ff660600000 - 0x00007ff66060e000 	C:\Users\Admin\Downloads\spring-tool-suite-4-4.19.0.RELEASE-e4.28.0-win32.win32.x86_64.self-extracting\contents\sts-4.19.0.RELEASE\plugins\org.eclipse.justj.openjdk.hotspot.jre.full.win32.x86_64_17.0.7.v20230425-1502\jre\bin\javaw.exe
0x00007ffdd2d20000 - 0x00007ffdd2f27000 	C:\Windows\SYSTEM32\ntdll.dll
0x00007ffdb40b0000 - 0x00007ffdb40c9000 	C:\Program Files\Avast Software\Avast\aswhook.dll
0x00007ffdd1d30000 - 0x00007ffdd1ded000 	C:\Windows\System32\KERNEL32.DLL
0x00007ffdd05e0000 - 0x00007ffdd0954000 	C:\Windows\System32\KERNELBASE.dll
0x00007ffdd0230000 - 0x00007ffdd0341000 	C:\Windows\System32\ucrtbase.dll
0x00007ffdbb300000 - 0x00007ffdbb317000 	C:\Users\Admin\Downloads\spring-tool-suite-4-4.19.0.RELEASE-e4.28.0-win32.win32.x86_64.self-extracting\contents\sts-4.19.0.RELEASE\plugins\org.eclipse.justj.openjdk.hotspot.jre.full.win32.x86_64_17.0.7.v20230425-1502\jre\bin\jli.dll
0x00007ffdd0d50000 - 0x00007ffdd0efc000 	C:\Windows\System32\USER32.dll
0x00007ffdd0200000 - 0x00007ffdd0226000 	C:\Windows\System32\win32u.dll
0x00007ffdd1190000 - 0x00007ffdd11b9000 	C:\Windows\System32\GDI32.dll
0x00007ffdd0350000 - 0x00007ffdd0462000 	C:\Windows\System32\gdi32full.dll
0x00007ffdd0b10000 - 0x00007ffdd0bad000 	C:\Windows\System32\msvcp_win.dll
0x00007ffdaa0b0000 - 0x00007ffdaa0c9000 	C:\Users\Admin\Downloads\spring-tool-suite-4-4.19.0.RELEASE-e4.28.0-win32.win32.x86_64.self-extracting\contents\sts-4.19.0.RELEASE\plugins\org.eclipse.justj.openjdk.hotspot.jre.full.win32.x86_64_17.0.7.v20230425-1502\jre\bin\VCRUNTIME140.dll
0x00007ffdc4d80000 - 0x00007ffdc5025000 	C:\Windows\WinSxS\amd64_microsoft.windows.common-controls_6595b64144ccf1df_6.0.22000.120_none_9d947278b86cc467\COMCTL32.dll
0x00007ffdd1030000 - 0x00007ffdd10d3000 	C:\Windows\System32\msvcrt.dll
0x00007ffdd0ff0000 - 0x00007ffdd1021000 	C:\Windows\System32\IMM32.DLL
0x00007ffdc08e0000 - 0x00007ffdc08ec000 	C:\Users\Admin\Downloads\spring-tool-suite-4-4.19.0.RELEASE-e4.28.0-win32.win32.x86_64.self-extracting\contents\sts-4.19.0.RELEASE\plugins\org.eclipse.justj.openjdk.hotspot.jre.full.win32.x86_64_17.0.7.v20230425-1502\jre\bin\vcruntime140_1.dll
0x00007ffd99ec0000 - 0x00007ffd99f51000 	C:\Users\Admin\Downloads\spring-tool-suite-4-4.19.0.RELEASE-e4.28.0-win32.win32.x86_64.self-extracting\contents\sts-4.19.0.RELEASE\plugins\org.eclipse.justj.openjdk.hotspot.jre.full.win32.x86_64_17.0.7.v20230425-1502\jre\bin\msvcp140.dll
0x00007ffd913e0000 - 0x00007ffd92028000 	C:\Users\Admin\Downloads\spring-tool-suite-4-4.19.0.RELEASE-e4.28.0-win32.win32.x86_64.self-extracting\contents\sts-4.19.0.RELEASE\plugins\org.eclipse.justj.openjdk.hotspot.jre.full.win32.x86_64_17.0.7.v20230425-1502\jre\bin\server\jvm.dll
0x00007ffdd10e0000 - 0x00007ffdd118c000 	C:\Windows\System32\ADVAPI32.dll
0x00007ffdd11f0000 - 0x00007ffdd128d000 	C:\Windows\System32\sechost.dll
0x00007ffdd1df0000 - 0x00007ffdd1f11000 	C:\Windows\System32\RPCRT4.dll
0x00007ffdc0880000 - 0x00007ffdc0889000 	C:\Windows\SYSTEM32\WSOCK32.dll
0x00007ffdd2460000 - 0x00007ffdd24cf000 	C:\Windows\System32\WS2_32.dll
0x00007ffdca070000 - 0x00007ffdca0a3000 	C:\Windows\SYSTEM32\WINMM.dll
0x00007ffdc8230000 - 0x00007ffdc823a000 	C:\Windows\SYSTEM32\VERSION.dll
0x00007ffdcf410000 - 0x00007ffdcf428000 	C:\Windows\SYSTEM32\kernel.appcore.dll
0x00007ffdcd0c0000 - 0x00007ffdcd0ca000 	C:\Users\Admin\Downloads\spring-tool-suite-4-4.19.0.RELEASE-e4.28.0-win32.win32.x86_64.self-extracting\contents\sts-4.19.0.RELEASE\plugins\org.eclipse.justj.openjdk.hotspot.jre.full.win32.x86_64_17.0.7.v20230425-1502\jre\bin\jimage.dll
0x00007ffdcde70000 - 0x00007ffdce091000 	C:\Windows\SYSTEM32\DBGHELP.DLL
0x00007ffdc7b00000 - 0x00007ffdc7b31000 	C:\Windows\SYSTEM32\dbgcore.DLL
0x00007ffdd09d0000 - 0x00007ffdd0a50000 	C:\Windows\System32\bcryptPrimitives.dll
0x00007ffdb41d0000 - 0x00007ffdb41f5000 	C:\Users\Admin\Downloads\spring-tool-suite-4-4.19.0.RELEASE-e4.28.0-win32.win32.x86_64.self-extracting\contents\sts-4.19.0.RELEASE\plugins\org.eclipse.justj.openjdk.hotspot.jre.full.win32.x86_64_17.0.7.v20230425-1502\jre\bin\java.dll

dbghelp: loaded successfully - version: 4.0.5 - missing functions: none
symbol engine: initialized successfully - sym options: 0x614 - pdb path: .;C:\Users\Admin\Downloads\spring-tool-suite-4-4.19.0.RELEASE-e4.28.0-win32.win32.x86_64.self-extracting\contents\sts-4.19.0.RELEASE\plugins\org.eclipse.justj.openjdk.hotspot.jre.full.win32.x86_64_17.0.7.v20230425-1502\jre\bin;C:\Windows\SYSTEM32;C:\Program Files\Avast Software\Avast;C:\Windows\WinSxS\amd64_microsoft.windows.common-controls_6595b64144ccf1df_6.0.22000.120_none_9d947278b86cc467;C:\Users\Admin\Downloads\spring-tool-suite-4-4.19.0.RELEASE-e4.28.0-win32.win32.x86_64.self-extracting\contents\sts-4.19.0.RELEASE\plugins\org.eclipse.justj.openjdk.hotspot.jre.full.win32.x86_64_17.0.7.v20230425-1502\jre\bin\server

VM Arguments:
jvm_args: -Dcom.sun.management.jmxremote -Dcom.sun.management.jmxremote.port=56982 -Dcom.sun.management.jmxremote.authenticate=false -Dcom.sun.management.jmxremote.ssl=false -Djava.rmi.server.hostname=localhost -Dspring.jmx.enabled=true -Dmanagement.endpoints.jmx.exposure.include=* -Dspring.application.admin.enabled=true -XX:TieredStopAtLevel=1 -Dspring.boot.project.name=Backend -Dfile.encoding=UTF-8 -XX:+ShowCodeDetailsInExceptionMessages 
java_command: com.demo.DoubtShareApplication --spring.output.ansi.enabled=always
java_class_path (initial): C:\Users\Admin\Desktop\impr\DoubtShare.zip_expanded\DoubtShare\Backend\target\classes;C:\Users\Admin\.m2\repository\org\springframework\boot\spring-boot-starter-data-jpa\3.1.5\spring-boot-starter-data-jpa-3.1.5.jar;C:\Users\Admin\.m2\repository\org\springframework\boot\spring-boot-starter-aop\3.1.5\spring-boot-starter-aop-3.1.5.jar;C:\Users\Admin\.m2\repository\org\aspectj\aspectjweaver\1.9.20\aspectjweaver-1.9.20.jar;C:\Users\Admin\.m2\repository\org\springframework\boot\spring-boot-starter-jdbc\3.1.5\spring-boot-starter-jdbc-3.1.5.jar;C:\Users\Admin\.m2\repository\com\zaxxer\HikariCP\5.0.1\HikariCP-5.0.1.jar;C:\Users\Admin\.m2\repository\org\springframework\spring-jdbc\6.0.13\spring-jdbc-6.0.13.jar;C:\Users\Admin\.m2\repository\org\hibernate\orm\hibernate-core\6.2.13.Final\hibernate-core-6.2.13.Final.jar;C:\Users\Admin\.m2\repository\jakarta\persistence\jakarta.persistence-api\3.1.0\jakarta.persistence-api-3.1.0.jar;C:\Users\Admin\.m2\repository\jakarta\transaction\jakarta.transaction-api\2.0.1\jakarta.transaction-api-2.0.1.jar;C:\Users\Admin\.m2\repository\org\jboss\logging\jboss-logging\3.5.3.Final\jboss-logging-3.5.3.Final.jar;C:\Users\Admin\.m2\repository\org\hibernate\common\hibernate-commons-annotations\6.0.6.Final\hibernate-commons-annotations-6.0.6.Final.jar;C:\Users\Admin\.m2\repository\io\smallrye\jandex\3.0.5\jandex-3.0.5.jar;C:\Users\Admin\.m2\repository\com\fasterxml\classmate\1.5.1\classmate-1.5.1.jar;C:\Users\Admin\.m2\repository\net\bytebuddy\byte-buddy\1.14.9\byte-buddy-1.14.9.jar;C:\Users\Admin\.m2\repository\org\glassfish\jaxb\jaxb-runtime\4.0.3\jaxb-runtime-4.0.3.jar;C:\Users\Admin\.m2\repository\org\glassfish\jaxb\jaxb-core\4.0.3\jaxb-core-4.0.3.jar;C:\Users\Admin\.m2\repository\org\eclipse\angus\angus-activation\2.0.1\angus-activation-2.0.1.jar;C:\Users\Admin\.m2\repository\org\glassfish\jaxb\txw2\4.0.3\txw2-4.0.3.jar;C:\Users\Admin\.m2\repository\com\sun\istack\istack-commons-runtime\4.1.2\istack-commons-runtime-
Launcher Type: SUN_STANDARD

[Global flags]
     intx CICompilerCount                          = 4                                         {product} {ergonomic}
     uint ConcGCThreads                            = 2                                         {product} {ergonomic}
     uint G1ConcRefinementThreads                  = 8                                         {product} {ergonomic}
   size_t G1HeapRegionSize                         = 1048576                                   {product} {ergonomic}
    uintx GCDrainStackTargetSize                   = 64                                        {product} {ergonomic}
   size_t InitialHeapSize                          = 134217728                                 {product} {ergonomic}
     bool ManagementServer                         = true                                      {product} {command line}
   size_t MarkStackSize                            = 4194304                                   {product} {ergonomic}
   size_t MaxHeapSize                              = 2124414976                                {product} {ergonomic}
   size_t MinHeapDeltaBytes                        = 1048576                                   {product} {ergonomic}
   size_t MinHeapSize                              = 8388608                                   {product} {ergonomic}
    uintx NonProfiledCodeHeapSize                  = 0                                      {pd product} {ergonomic}
     bool ProfileInterpreter                       = false                                  {pd product} {command line}
    uintx ProfiledCodeHeapSize                     = 0                                      {pd product} {ergonomic}
     bool ShowCodeDetailsInExceptionMessages       = true                                   {manageable} {command line}
   size_t SoftMaxHeapSize                          = 2124414976                             {manageable} {ergonomic}
     intx TieredStopAtLevel                        = 1                                         {product} {command line}
     bool UseCompressedClassPointers               = true                           {product lp64_product} {ergonomic}
     bool UseCompressedOops                        = true                           {product lp64_product} {ergonomic}
     bool UseG1GC                                  = true                                      {product} {ergonomic}
     bool UseLargePagesIndividualAllocation        = false                                  {pd product} {ergonomic}

Logging:
Log output configuration:
 #0: stdout all=warning uptime,level,tags
 #1: stderr all=off uptime,level,tags

Environment Variables:
JAVA_HOME=C:\Program Files\Java\jdk-17.0.2
PATH=C:/Users/Admin/Downloads/spring-tool-suite-4-4.19.0.RELEASE-e4.28.0-win32.win32.x86_64.self-extracting/contents/sts-4.19.0.RELEASE//plugins/org.eclipse.justj.openjdk.hotspot.jre.full.win32.x86_64_17.0.7.v20230425-1502/jre/bin/server;C:/Users/Admin/Downloads/spring-tool-suite-4-4.19.0.RELEASE-e4.28.0-win32.win32.x86_64.self-extracting/contents/sts-4.19.0.RELEASE//plugins/org.eclipse.justj.openjdk.hotspot.jre.full.win32.x86_64_17.0.7.v20230425-1502/jre/bin;C:\Python311\Scripts\;C:\Python311\;C:\Program Files\Common Files\Oracle\Java\javapath;C:\Program Files (x86)\Common Files\Oracle\Java\javapath;C:\Python310\;C:\Windows\system32;C:\Windows;C:\Windows\System32\Wbem;C:\Windows\System32\WindowsPowerShell\v1.0\;C:\Windows\System32\OpenSSH\;C:\ProgramData\chocolatey\bin;C:\Program Files\nodejs\;C:\Program Files\Git\cmd;C:\Users\Admin\AppData\Local\Microsoft\WindowsApps;C:\Users\Admin\AppData\Local\Programs\Microsoft VS Code\bin;C:\Users\Admin\AppData\Local\GitHubDesktop\bin;C:\Users\Admin\AppData\Roaming\npm;C:\apache-maven-3.9.1\bin;;C:\Users\Admin\Downloads\spring-tool-suite-4-4.19.0.RELEASE-e4.28.0-win32.win32.x86_64.self-extracting\contents\sts-4.19.0.RELEASE;
USERNAME=Admin
OS=Windows_NT
PROCESSOR_IDENTIFIER=Intel64 Family 6 Model 142 Stepping 10, GenuineIntel
TMP=C:\Users\Admin\AppData\Local\Temp
TEMP=C:\Users\Admin\AppData\Local\Temp



---------------  S Y S T E M  ---------------

OS:
 Windows 11 , 64 bit Build 22000 (10.0.22000.318)
OS uptime: 0 days 0:45 hours

CPU: total 8 (initial active 8) (4 cores per cpu, 2 threads per core) family 6 model 142 stepping 10 microcode 0xea, cx8, cmov, fxsr, ht, mmx, 3dnowpref, sse, sse2, sse3, ssse3, sse4.1, sse4.2, popcnt, lzcnt, tsc, tscinvbit, avx, avx2, aes, erms, clmul, bmi1, bmi2, adx, fma, vzeroupper, clflush, clflushopt

Memory: 4k page, system-wide physical 8103M (720M free)
TotalPageFile size 8103M (AvailPageFile size 5M)
current process WorkingSet (physical memory assigned to process): 10M, peak: 10M
current process commit charge ("private bytes"): 55M, peak: 183M

vm_info: OpenJDK 64-Bit Server VM (17.0.7+7) for windows-amd64 JRE (17.0.7+7), built on Apr 18 2023 22:10:42 by "temurin" with MS VC++ 16.7 (VS2019)

END.
